生成启动时间为 2017/5/8 14:08:22。
     1>项目“D:\2016-2017-1\学术新星计划\OpenCRF_partial_labeled_parallel_nou\OpenCRF\OpenCRF.vcxproj”在节点 2 上(Rebuild 个目标)。
     1>ClCompile:
         C:\Program Files (x86)\Microsoft Visual Studio 11.0\VC\bin\CL.exe /c /I../include /ZI /nologo /W3 /WX- /Od /Oy- /D WIN32 /D _DEBUG /D _CONSOLE /D _UNICODE /D UNICODE /Gm /EHsc /RTC1 /MTd /GS /fp:precise /Zc:wchar_t /Zc:forScope /Fo"Debug\\" /Fd"Debug\vc110.pdb" /Gd /TP /analyze- /errorReport:prompt Config.cpp CRFModel.cpp DataSet.cpp FactorGraph.cpp MHTrain.cpp MHTrain1.cpp OpenCRF_Main.cpp Util.cpp
         Util.cpp
     1>d:\2016-2017-1\学术新星计划\opencrf_partial_labeled_parallel_nou\opencrf\util.cpp(40): warning C4018: “>=”: 有符号/无符号不匹配
     1>d:\2016-2017-1\学术新星计划\opencrf_partial_labeled_parallel_nou\opencrf\util.cpp(47): warning C4996: 'fopen': This function or variable may be unsafe. Consider using fopen_s instead. To disable deprecation, use _CRT_SECURE_NO_WARNINGS. See online help for details.
                 c:\program files (x86)\microsoft visual studio 11.0\vc\include\stdio.h(218) : 参见“fopen”的声明
     1>d:\2016-2017-1\学术新星计划\opencrf_partial_labeled_parallel_nou\opencrf\util.cpp(48): warning C4018: “<”: 有符号/无符号不匹配
     1>d:\2016-2017-1\学术新星计划\opencrf_partial_labeled_parallel_nou\opencrf\util.cpp(55): warning C4996: 'fopen': This function or variable may be unsafe. Consider using fopen_s instead. To disable deprecation, use _CRT_SECURE_NO_WARNINGS. See online help for details.
                 c:\program files (x86)\microsoft visual studio 11.0\vc\include\stdio.h(218) : 参见“fopen”的声明
     1>d:\2016-2017-1\学术新星计划\opencrf_partial_labeled_parallel_nou\opencrf\util.cpp(62): warning C4996: 'fscanf': This function or variable may be unsafe. Consider using fscanf_s instead. To disable deprecation, use _CRT_SECURE_NO_WARNINGS. See online help for details.
                 c:\program files (x86)\microsoft visual studio 11.0\vc\include\stdio.h(237) : 参见“fscanf”的声明
     1>d:\2016-2017-1\学术新星计划\opencrf_partial_labeled_parallel_nou\opencrf\util.cpp(93): warning C4018: “<”: 有符号/无符号不匹配
         OpenCRF_Main.cpp
     1>d:\2016-2017-1\学术新星计划\opencrf_partial_labeled_parallel_nou\opencrf\dataset.h(44): warning C4018: “<”: 有符号/无符号不匹配
     1>d:\2016-2017-1\学术新星计划\opencrf_partial_labeled_parallel_nou\opencrf\dataset.h(46): warning C4018: “<”: 有符号/无符号不匹配
     1>d:\2016-2017-1\学术新星计划\opencrf_partial_labeled_parallel_nou\opencrf\dataset.h(53): warning C4018: “<”: 有符号/无符号不匹配
     1>d:\2016-2017-1\学术新星计划\opencrf_partial_labeled_parallel_nou\opencrf\dataset.h(55): warning C4018: “<”: 有符号/无符号不匹配
     1>d:\2016-2017-1\学术新星计划\opencrf_partial_labeled_parallel_nou\opencrf\dataset.h(98): warning C4018: “<”: 有符号/无符号不匹配
     1>d:\2016-2017-1\学术新星计划\opencrf_partial_labeled_parallel_nou\opencrf\factorgraph.h(58): warning C4018: “<”: 有符号/无符号不匹配
         MHTrain1.cpp
     1>d:\2016-2017-1\学术新星计划\opencrf_partial_labeled_parallel_nou\opencrf\dataset.h(44): warning C4018: “<”: 有符号/无符号不匹配
     1>d:\2016-2017-1\学术新星计划\opencrf_partial_labeled_parallel_nou\opencrf\dataset.h(46): warning C4018: “<”: 有符号/无符号不匹配
     1>d:\2016-2017-1\学术新星计划\opencrf_partial_labeled_parallel_nou\opencrf\dataset.h(53): warning C4018: “<”: 有符号/无符号不匹配
     1>d:\2016-2017-1\学术新星计划\opencrf_partial_labeled_parallel_nou\opencrf\dataset.h(55): warning C4018: “<”: 有符号/无符号不匹配
     1>d:\2016-2017-1\学术新星计划\opencrf_partial_labeled_parallel_nou\opencrf\dataset.h(98): warning C4018: “<”: 有符号/无符号不匹配
     1>d:\2016-2017-1\学术新星计划\opencrf_partial_labeled_parallel_nou\opencrf\factorgraph.h(58): warning C4018: “<”: 有符号/无符号不匹配
     1>d:\2016-2017-1\学术新星计划\opencrf_partial_labeled_parallel_nou\opencrf\constant.h(14): warning C4091: “static ”: 没有声明变量时忽略“Enum”的左侧
     1>d:\2016-2017-1\学术新星计划\opencrf_partial_labeled_parallel_nou\opencrf\constant.h(21): warning C4091: “static ”: 没有声明变量时忽略“Enum1”的左侧
     1>d:\2016-2017-1\学术新星计划\opencrf_partial_labeled_parallel_nou\opencrf\mhtrain1.cpp(80): warning C4244: “参数”: 从“time_t”转换到“unsigned int”，可能丢失数据
     1>d:\2016-2017-1\学术新星计划\opencrf_partial_labeled_parallel_nou\opencrf\mhtrain1.cpp(157): warning C4018: “<”: 有符号/无符号不匹配
     1>d:\2016-2017-1\学术新星计划\opencrf_partial_labeled_parallel_nou\opencrf\mhtrain1.cpp(161): warning C4018: “<”: 有符号/无符号不匹配
     1>d:\2016-2017-1\学术新星计划\opencrf_partial_labeled_parallel_nou\opencrf\mhtrain1.cpp(205): warning C4018: “<”: 有符号/无符号不匹配
     1>d:\2016-2017-1\学术新星计划\opencrf_partial_labeled_parallel_nou\opencrf\mhtrain1.cpp(209): warning C4018: “<”: 有符号/无符号不匹配
         MHTrain.cpp
     1>d:\2016-2017-1\学术新星计划\opencrf_partial_labeled_parallel_nou\opencrf\dataset.h(44): warning C4018: “<”: 有符号/无符号不匹配
     1>d:\2016-2017-1\学术新星计划\opencrf_partial_labeled_parallel_nou\opencrf\dataset.h(46): warning C4018: “<”: 有符号/无符号不匹配
     1>d:\2016-2017-1\学术新星计划\opencrf_partial_labeled_parallel_nou\opencrf\dataset.h(53): warning C4018: “<”: 有符号/无符号不匹配
     1>d:\2016-2017-1\学术新星计划\opencrf_partial_labeled_parallel_nou\opencrf\dataset.h(55): warning C4018: “<”: 有符号/无符号不匹配
     1>d:\2016-2017-1\学术新星计划\opencrf_partial_labeled_parallel_nou\opencrf\dataset.h(98): warning C4018: “<”: 有符号/无符号不匹配
     1>d:\2016-2017-1\学术新星计划\opencrf_partial_labeled_parallel_nou\opencrf\factorgraph.h(58): warning C4018: “<”: 有符号/无符号不匹配
     1>d:\2016-2017-1\学术新星计划\opencrf_partial_labeled_parallel_nou\opencrf\constant.h(14): warning C4091: “static ”: 没有声明变量时忽略“Enum”的左侧
     1>d:\2016-2017-1\学术新星计划\opencrf_partial_labeled_parallel_nou\opencrf\constant.h(21): warning C4091: “static ”: 没有声明变量时忽略“Enum1”的左侧
     1>d:\2016-2017-1\学术新星计划\opencrf_partial_labeled_parallel_nou\opencrf\mhtrain.cpp(13): warning C4996: 'fopen': This function or variable may be unsafe. Consider using fopen_s instead. To disable deprecation, use _CRT_SECURE_NO_WARNINGS. See online help for details.
                 c:\program files (x86)\microsoft visual studio 11.0\vc\include\stdio.h(218) : 参见“fopen”的声明
     1>d:\2016-2017-1\学术新星计划\opencrf_partial_labeled_parallel_nou\opencrf\mhtrain.cpp(111): warning C4244: “参数”: 从“time_t”转换到“unsigned int”，可能丢失数据
     1>d:\2016-2017-1\学术新星计划\opencrf_partial_labeled_parallel_nou\opencrf\mhtrain.cpp(157): warning C4018: “<”: 有符号/无符号不匹配
     1>d:\2016-2017-1\学术新星计划\opencrf_partial_labeled_parallel_nou\opencrf\mhtrain.cpp(161): warning C4018: “<”: 有符号/无符号不匹配
     1>d:\2016-2017-1\学术新星计划\opencrf_partial_labeled_parallel_nou\opencrf\mhtrain.cpp(213): warning C4018: “<”: 有符号/无符号不匹配
     1>d:\2016-2017-1\学术新星计划\opencrf_partial_labeled_parallel_nou\opencrf\mhtrain.cpp(217): warning C4018: “<”: 有符号/无符号不匹配
     1>d:\2016-2017-1\学术新星计划\opencrf_partial_labeled_parallel_nou\opencrf\mhtrain.cpp(340): warning C4244: “参数”: 从“time_t”转换到“unsigned int”，可能丢失数据
     1>d:\2016-2017-1\学术新星计划\opencrf_partial_labeled_parallel_nou\opencrf\mhtrain.cpp(378): warning C4018: “<”: 有符号/无符号不匹配
     1>d:\2016-2017-1\学术新星计划\opencrf_partial_labeled_parallel_nou\opencrf\mhtrain.cpp(382): warning C4018: “<”: 有符号/无符号不匹配
     1>d:\2016-2017-1\学术新星计划\opencrf_partial_labeled_parallel_nou\opencrf\mhtrain.cpp(428): warning C4018: “<”: 有符号/无符号不匹配
     1>d:\2016-2017-1\学术新星计划\opencrf_partial_labeled_parallel_nou\opencrf\mhtrain.cpp(432): warning C4018: “<”: 有符号/无符号不匹配
     1>d:\2016-2017-1\学术新星计划\opencrf_partial_labeled_parallel_nou\opencrf\mhtrain.cpp(481): warning C4018: “<”: 有符号/无符号不匹配
     1>d:\2016-2017-1\学术新星计划\opencrf_partial_labeled_parallel_nou\opencrf\mhtrain.cpp(497): warning C4018: “<”: 有符号/无符号不匹配
     1>d:\2016-2017-1\学术新星计划\opencrf_partial_labeled_parallel_nou\opencrf\mhtrain.cpp(501): warning C4018: “<”: 有符号/无符号不匹配
     1>d:\2016-2017-1\学术新星计划\opencrf_partial_labeled_parallel_nou\opencrf\mhtrain.cpp(510): warning C4258: “k”: 忽略 For 循环中的定义；使用封闭范围中的定义
                 d:\2016-2017-1\学术新星计划\opencrf_partial_labeled_parallel_nou\opencrf\mhtrain.cpp(501) : 忽略“k”的定义
                 d:\2016-2017-1\学术新星计划\opencrf_partial_labeled_parallel_nou\opencrf\mhtrain.cpp(486) : 使用“k”的定义
     1>d:\2016-2017-1\学术新星计划\opencrf_partial_labeled_parallel_nou\opencrf\mhtrain.cpp(511): warning C4258: “k”: 忽略 For 循环中的定义；使用封闭范围中的定义
                 d:\2016-2017-1\学术新星计划\opencrf_partial_labeled_parallel_nou\opencrf\mhtrain.cpp(501) : 忽略“k”的定义
                 d:\2016-2017-1\学术新星计划\opencrf_partial_labeled_parallel_nou\opencrf\mhtrain.cpp(486) : 使用“k”的定义
     1>d:\2016-2017-1\学术新星计划\opencrf_partial_labeled_parallel_nou\opencrf\mhtrain.cpp(536): warning C4018: “<”: 有符号/无符号不匹配
     1>d:\2016-2017-1\学术新星计划\opencrf_partial_labeled_parallel_nou\opencrf\mhtrain.cpp(542): warning C4018: “<”: 有符号/无符号不匹配
     1>d:\2016-2017-1\学术新星计划\opencrf_partial_labeled_parallel_nou\opencrf\mhtrain.cpp(556): warning C4996: 'fopen': This function or variable may be unsafe. Consider using fopen_s instead. To disable deprecation, use _CRT_SECURE_NO_WARNINGS. See online help for details.
                 c:\program files (x86)\microsoft visual studio 11.0\vc\include\stdio.h(218) : 参见“fopen”的声明
     1>d:\2016-2017-1\学术新星计划\opencrf_partial_labeled_parallel_nou\opencrf\mhtrain.cpp(579): warning C4018: “<”: 有符号/无符号不匹配
     1>d:\2016-2017-1\学术新星计划\opencrf_partial_labeled_parallel_nou\opencrf\mhtrain.cpp(583): warning C4018: “<”: 有符号/无符号不匹配
     1>d:\2016-2017-1\学术新星计划\opencrf_partial_labeled_parallel_nou\opencrf\mhtrain.cpp(592): warning C4258: “k”: 忽略 For 循环中的定义；使用封闭范围中的定义
                 d:\2016-2017-1\学术新星计划\opencrf_partial_labeled_parallel_nou\opencrf\mhtrain.cpp(583) : 忽略“k”的定义
                 d:\2016-2017-1\学术新星计划\opencrf_partial_labeled_parallel_nou\opencrf\mhtrain.cpp(568) : 使用“k”的定义
     1>d:\2016-2017-1\学术新星计划\opencrf_partial_labeled_parallel_nou\opencrf\mhtrain.cpp(593): warning C4258: “k”: 忽略 For 循环中的定义；使用封闭范围中的定义
                 d:\2016-2017-1\学术新星计划\opencrf_partial_labeled_parallel_nou\opencrf\mhtrain.cpp(583) : 忽略“k”的定义
                 d:\2016-2017-1\学术新星计划\opencrf_partial_labeled_parallel_nou\opencrf\mhtrain.cpp(568) : 使用“k”的定义
         FactorGraph.cpp
     1>d:\2016-2017-1\学术新星计划\opencrf_partial_labeled_parallel_nou\opencrf\factorgraph.h(58): warning C4018: “<”: 有符号/无符号不匹配
     1>d:\2016-2017-1\学术新星计划\opencrf_partial_labeled_parallel_nou\opencrf\constant.h(14): warning C4091: “static ”: 没有声明变量时忽略“Enum”的左侧
     1>d:\2016-2017-1\学术新星计划\opencrf_partial_labeled_parallel_nou\opencrf\constant.h(21): warning C4091: “static ”: 没有声明变量时忽略“Enum1”的左侧
     1>d:\2016-2017-1\学术新星计划\opencrf_partial_labeled_parallel_nou\opencrf\factorgraph.cpp(45): warning C4018: “<”: 有符号/无符号不匹配
     1>d:\2016-2017-1\学术新星计划\opencrf_partial_labeled_parallel_nou\opencrf\factorgraph.cpp(51): warning C4018: “<”: 有符号/无符号不匹配
     1>d:\2016-2017-1\学术新星计划\opencrf_partial_labeled_parallel_nou\opencrf\factorgraph.cpp(92): warning C4018: “<”: 有符号/无符号不匹配
     1>d:\2016-2017-1\学术新星计划\opencrf_partial_labeled_parallel_nou\opencrf\factorgraph.cpp(98): warning C4018: “<”: 有符号/无符号不匹配
     1>d:\2016-2017-1\学术新星计划\opencrf_partial_labeled_parallel_nou\opencrf\factorgraph.cpp(201): warning C4018: “<”: 有符号/无符号不匹配
     1>d:\2016-2017-1\学术新星计划\opencrf_partial_labeled_parallel_nou\opencrf\factorgraph.cpp(216): warning C4018: “<”: 有符号/无符号不匹配
     1>d:\2016-2017-1\学术新星计划\opencrf_partial_labeled_parallel_nou\opencrf\factorgraph.cpp(288): warning C4018: “<”: 有符号/无符号不匹配
         DataSet.cpp
     1>d:\2016-2017-1\学术新星计划\opencrf_partial_labeled_parallel_nou\opencrf\dataset.h(44): warning C4018: “<”: 有符号/无符号不匹配
     1>d:\2016-2017-1\学术新星计划\opencrf_partial_labeled_parallel_nou\opencrf\dataset.h(46): warning C4018: “<”: 有符号/无符号不匹配
     1>d:\2016-2017-1\学术新星计划\opencrf_partial_labeled_parallel_nou\opencrf\dataset.h(53): warning C4018: “<”: 有符号/无符号不匹配
     1>d:\2016-2017-1\学术新星计划\opencrf_partial_labeled_parallel_nou\opencrf\dataset.h(55): warning C4018: “<”: 有符号/无符号不匹配
     1>d:\2016-2017-1\学术新星计划\opencrf_partial_labeled_parallel_nou\opencrf\dataset.h(98): warning C4018: “<”: 有符号/无符号不匹配
     1>d:\2016-2017-1\学术新星计划\opencrf_partial_labeled_parallel_nou\opencrf\constant.h(14): warning C4091: “static ”: 没有声明变量时忽略“Enum”的左侧
     1>d:\2016-2017-1\学术新星计划\opencrf_partial_labeled_parallel_nou\opencrf\constant.h(21): warning C4091: “static ”: 没有声明变量时忽略“Enum1”的左侧
     1>d:\2016-2017-1\学术新星计划\opencrf_partial_labeled_parallel_nou\opencrf\dataset.cpp(16): warning C4996: 'fopen': This function or variable may be unsafe. Consider using fopen_s instead. To disable deprecation, use _CRT_SECURE_NO_WARNINGS. See online help for details.
                 c:\program files (x86)\microsoft visual studio 11.0\vc\include\stdio.h(218) : 参见“fopen”的声明
     1>d:\2016-2017-1\学术新星计划\opencrf_partial_labeled_parallel_nou\opencrf\dataset.cpp(73): warning C4018: “<”: 有符号/无符号不匹配
     1>d:\2016-2017-1\学术新星计划\opencrf_partial_labeled_parallel_nou\opencrf\dataset.cpp(110): warning C4996: 'fopen': This function or variable may be unsafe. Consider using fopen_s instead. To disable deprecation, use _CRT_SECURE_NO_WARNINGS. See online help for details.
                 c:\program files (x86)\microsoft visual studio 11.0\vc\include\stdio.h(218) : 参见“fopen”的声明
     1>d:\2016-2017-1\学术新星计划\opencrf_partial_labeled_parallel_nou\opencrf\dataset.cpp(165): warning C4018: “<”: 有符号/无符号不匹配
         CRFModel.cpp
     1>d:\2016-2017-1\学术新星计划\opencrf_partial_labeled_parallel_nou\opencrf\dataset.h(44): warning C4018: “<”: 有符号/无符号不匹配
     1>d:\2016-2017-1\学术新星计划\opencrf_partial_labeled_parallel_nou\opencrf\dataset.h(46): warning C4018: “<”: 有符号/无符号不匹配
     1>d:\2016-2017-1\学术新星计划\opencrf_partial_labeled_parallel_nou\opencrf\dataset.h(53): warning C4018: “<”: 有符号/无符号不匹配
     1>d:\2016-2017-1\学术新星计划\opencrf_partial_labeled_parallel_nou\opencrf\dataset.h(55): warning C4018: “<”: 有符号/无符号不匹配
     1>d:\2016-2017-1\学术新星计划\opencrf_partial_labeled_parallel_nou\opencrf\dataset.h(98): warning C4018: “<”: 有符号/无符号不匹配
     1>d:\2016-2017-1\学术新星计划\opencrf_partial_labeled_parallel_nou\opencrf\factorgraph.h(58): warning C4018: “<”: 有符号/无符号不匹配
     1>d:\2016-2017-1\学术新星计划\opencrf_partial_labeled_parallel_nou\opencrf\constant.h(14): warning C4091: “static ”: 没有声明变量时忽略“Enum”的左侧
     1>d:\2016-2017-1\学术新星计划\opencrf_partial_labeled_parallel_nou\opencrf\constant.h(21): warning C4091: “static ”: 没有声明变量时忽略“Enum1”的左侧
     1>d:\2016-2017-1\学术新星计划\opencrf_partial_labeled_parallel_nou\opencrf\crfmodel.cpp(202): warning C4996: 'fopen': This function or variable may be unsafe. Consider using fopen_s instead. To disable deprecation, use _CRT_SECURE_NO_WARNINGS. See online help for details.
                 c:\program files (x86)\microsoft visual studio 11.0\vc\include\stdio.h(218) : 参见“fopen”的声明
     1>d:\2016-2017-1\学术新星计划\opencrf_partial_labeled_parallel_nou\opencrf\crfmodel.cpp(465): warning C4018: “<”: 有符号/无符号不匹配
     1>d:\2016-2017-1\学术新星计划\opencrf_partial_labeled_parallel_nou\opencrf\crfmodel.cpp(488): warning C4996: 'fopen': This function or variable may be unsafe. Consider using fopen_s instead. To disable deprecation, use _CRT_SECURE_NO_WARNINGS. See online help for details.
                 c:\program files (x86)\microsoft visual studio 11.0\vc\include\stdio.h(218) : 参见“fopen”的声明
     1>d:\2016-2017-1\学术新星计划\opencrf_partial_labeled_parallel_nou\opencrf\crfmodel.cpp(569): warning C4996: 'fopen': This function or variable may be unsafe. Consider using fopen_s instead. To disable deprecation, use _CRT_SECURE_NO_WARNINGS. See online help for details.
                 c:\program files (x86)\microsoft visual studio 11.0\vc\include\stdio.h(218) : 参见“fopen”的声明
     1>d:\2016-2017-1\学术新星计划\opencrf_partial_labeled_parallel_nou\opencrf\crfmodel.cpp(761): warning C4018: “<”: 有符号/无符号不匹配
     1>d:\2016-2017-1\学术新星计划\opencrf_partial_labeled_parallel_nou\opencrf\crfmodel.cpp(802): warning C4996: 'fopen': This function or variable may be unsafe. Consider using fopen_s instead. To disable deprecation, use _CRT_SECURE_NO_WARNINGS. See online help for details.
                 c:\program files (x86)\microsoft visual studio 11.0\vc\include\stdio.h(218) : 参见“fopen”的声明
     1>d:\2016-2017-1\学术新星计划\opencrf_partial_labeled_parallel_nou\opencrf\crfmodel.cpp(848): warning C4018: “<”: 有符号/无符号不匹配
     1>d:\2016-2017-1\学术新星计划\opencrf_partial_labeled_parallel_nou\opencrf\crfmodel.cpp(894): warning C4996: 'fopen': This function or variable may be unsafe. Consider using fopen_s instead. To disable deprecation, use _CRT_SECURE_NO_WARNINGS. See online help for details.
                 c:\program files (x86)\microsoft visual studio 11.0\vc\include\stdio.h(218) : 参见“fopen”的声明
     1>d:\2016-2017-1\学术新星计划\opencrf_partial_labeled_parallel_nou\opencrf\crfmodel.cpp(903): warning C4996: 'fopen': This function or variable may be unsafe. Consider using fopen_s instead. To disable deprecation, use _CRT_SECURE_NO_WARNINGS. See online help for details.
                 c:\program files (x86)\microsoft visual studio 11.0\vc\include\stdio.h(218) : 参见“fopen”的声明
     1>d:\2016-2017-1\学术新星计划\opencrf_partial_labeled_parallel_nou\opencrf\crfmodel.cpp(905): warning C4996: 'fscanf': This function or variable may be unsafe. Consider using fscanf_s instead. To disable deprecation, use _CRT_SECURE_NO_WARNINGS. See online help for details.
                 c:\program files (x86)\microsoft visual studio 11.0\vc\include\stdio.h(237) : 参见“fscanf”的声明
     1>d:\2016-2017-1\学术新星计划\opencrf_partial_labeled_parallel_nou\opencrf\crfmodel.cpp(912): warning C4996: 'fscanf': This function or variable may be unsafe. Consider using fscanf_s instead. To disable deprecation, use _CRT_SECURE_NO_WARNINGS. See online help for details.
                 c:\program files (x86)\microsoft visual studio 11.0\vc\include\stdio.h(237) : 参见“fscanf”的声明
         Config.cpp
         正在生成代码...
       Link:
         C:\Program Files (x86)\Microsoft Visual Studio 11.0\VC\bin\link.exe /ERRORREPORT:PROMPT /OUT:"D:\2016-2017-1\学术新星计划\OpenCRF_partial_labeled_parallel_nou\Debug\OpenCRF.exe" /INCREMENTAL /NOLOGO ..\lib\f2c.lib ..\lib\msmpi.lib /MANIFEST /MANIFESTUAC:"level='asInvoker' uiAccess='false'" /manifest:embed /DEBUG /PDB:"D:\2016-2017-1\学术新星计划\OpenCRF_partial_labeled_parallel_nou\Debug\OpenCRF.pdb" /SUBSYSTEM:CONSOLE /TLBID:1 /DYNAMICBASE /NXCOMPAT /IMPLIB:"D:\2016-2017-1\学术新星计划\OpenCRF_partial_labeled_parallel_nou\Debug\OpenCRF.lib" /MACHINE:X86 Debug\Config.obj
         Debug\CRFModel.obj
         Debug\DataSet.obj
         Debug\FactorGraph.obj
         Debug\MHTrain.obj
         Debug\MHTrain1.obj
         Debug\OpenCRF_Main.obj
         Debug\Util.obj
         OpenCRF.vcxproj -> D:\2016-2017-1\学术新星计划\OpenCRF_partial_labeled_parallel_nou\Debug\OpenCRF.exe
     1>已完成生成项目“D:\2016-2017-1\学术新星计划\OpenCRF_partial_labeled_parallel_nou\OpenCRF\OpenCRF.vcxproj”(Rebuild 个目标)的操作。

生成成功。

已用时间 00:00:08.08
