D:\2016-2017-1\学术新星计划\OPENCRF_PARTIAL_LABELED_PARALLEL_NOU\OPENCRF\DEBUG\CONFIG.OBJ
D:\2016-2017-1\学术新星计划\OPENCRF_PARTIAL_LABELED_PARALLEL_NOU\OPENCRF\DEBUG\CRFMODEL.OBJ
D:\2016-2017-1\学术新星计划\OPENCRF_PARTIAL_LABELED_PARALLEL_NOU\OPENCRF\DEBUG\DATASET.OBJ
D:\2016-2017-1\学术新星计划\OPENCRF_PARTIAL_LABELED_PARALLEL_NOU\OPENCRF\DEBUG\FACTORGRAPH.OBJ
D:\2016-2017-1\学术新星计划\OPENCRF_PARTIAL_LABELED_PARALLEL_NOU\OPENCRF\DEBUG\MHTRAIN.OBJ
D:\2016-2017-1\学术新星计划\OPENCRF_PARTIAL_LABELED_PARALLEL_NOU\OPENCRF\DEBUG\MHTRAIN1.OBJ
D:\2016-2017-1\学术新星计划\OPENCRF_PARTIAL_LABELED_PARALLEL_NOU\OPENCRF\DEBUG\OPENCRF_MAIN.OBJ
D:\2016-2017-1\学术新星计划\OPENCRF_PARTIAL_LABELED_PARALLEL_NOU\OPENCRF\DEBUG\UTIL.OBJ
D:\2016-2017-1\学术新星计划\OPENCRF_PARTIAL_LABELED_PARALLEL_NOU\OPENCRF\DEBUG\VC110.PDB
D:\2016-2017-1\学术新星计划\OPENCRF_PARTIAL_LABELED_PARALLEL_NOU\DEBUG\OPENCRF.ILK
D:\2016-2017-1\学术新星计划\OPENCRF_PARTIAL_LABELED_PARALLEL_NOU\DEBUG\OPENCRF.EXE
D:\2016-2017-1\学术新星计划\OPENCRF_PARTIAL_LABELED_PARALLEL_NOU\DEBUG\OPENCRF.PDB
D:\2016-2017-1\学术新星计划\OpenCRF_partial_labeled_parallel_nou\OpenCRF\Debug\Config.obj
D:\2016-2017-1\学术新星计划\OpenCRF_partial_labeled_parallel_nou\OpenCRF\Debug\CRFModel.obj
D:\2016-2017-1\学术新星计划\OpenCRF_partial_labeled_parallel_nou\OpenCRF\Debug\DataSet.obj
D:\2016-2017-1\学术新星计划\OpenCRF_partial_labeled_parallel_nou\OpenCRF\Debug\FactorGraph.obj
D:\2016-2017-1\学术新星计划\OpenCRF_partial_labeled_parallel_nou\OpenCRF\Debug\MHTrain.obj
D:\2016-2017-1\学术新星计划\OpenCRF_partial_labeled_parallel_nou\OpenCRF\Debug\MHTrain1.obj
D:\2016-2017-1\学术新星计划\OpenCRF_partial_labeled_parallel_nou\OpenCRF\Debug\OpenCRF_Main.obj
D:\2016-2017-1\学术新星计划\OpenCRF_partial_labeled_parallel_nou\OpenCRF\Debug\Util.obj
D:\2016-2017-1\学术新星计划\OpenCRF_partial_labeled_parallel_nou\OpenCRF\Debug\cl.command.1.tlog
D:\2016-2017-1\学术新星计划\OpenCRF_partial_labeled_parallel_nou\OpenCRF\Debug\CL.read.1.tlog
D:\2016-2017-1\学术新星计划\OpenCRF_partial_labeled_parallel_nou\OpenCRF\Debug\CL.write.1.tlog
D:\2016-2017-1\学术新星计划\OpenCRF_partial_labeled_parallel_nou\OpenCRF\Debug\link-cvtres.read.1.tlog
D:\2016-2017-1\学术新星计划\OpenCRF_partial_labeled_parallel_nou\OpenCRF\Debug\link-cvtres.write.1.tlog
D:\2016-2017-1\学术新星计划\OpenCRF_partial_labeled_parallel_nou\OpenCRF\Debug\link-rc.read.1.tlog
D:\2016-2017-1\学术新星计划\OpenCRF_partial_labeled_parallel_nou\OpenCRF\Debug\link-rc.write.1.tlog
D:\2016-2017-1\学术新星计划\OpenCRF_partial_labeled_parallel_nou\OpenCRF\Debug\link.10364-cvtres.read.1.tlog
D:\2016-2017-1\学术新星计划\OpenCRF_partial_labeled_parallel_nou\OpenCRF\Debug\link.10364-cvtres.write.1.tlog
D:\2016-2017-1\学术新星计划\OpenCRF_partial_labeled_parallel_nou\OpenCRF\Debug\link.10364-rc.read.1.tlog
D:\2016-2017-1\学术新星计划\OpenCRF_partial_labeled_parallel_nou\OpenCRF\Debug\link.10364-rc.write.1.tlog
D:\2016-2017-1\学术新星计划\OpenCRF_partial_labeled_parallel_nou\OpenCRF\Debug\link.10364.read.1.tlog
D:\2016-2017-1\学术新星计划\OpenCRF_partial_labeled_parallel_nou\OpenCRF\Debug\link.10364.write.1.tlog
D:\2016-2017-1\学术新星计划\OpenCRF_partial_labeled_parallel_nou\OpenCRF\Debug\link.10516-cvtres.read.1.tlog
D:\2016-2017-1\学术新星计划\OpenCRF_partial_labeled_parallel_nou\OpenCRF\Debug\link.10516-cvtres.write.1.tlog
D:\2016-2017-1\学术新星计划\OpenCRF_partial_labeled_parallel_nou\OpenCRF\Debug\link.10516-rc.read.1.tlog
D:\2016-2017-1\学术新星计划\OpenCRF_partial_labeled_parallel_nou\OpenCRF\Debug\link.10516-rc.write.1.tlog
D:\2016-2017-1\学术新星计划\OpenCRF_partial_labeled_parallel_nou\OpenCRF\Debug\link.10516.read.1.tlog
D:\2016-2017-1\学术新星计划\OpenCRF_partial_labeled_parallel_nou\OpenCRF\Debug\link.10516.write.1.tlog
D:\2016-2017-1\学术新星计划\OpenCRF_partial_labeled_parallel_nou\OpenCRF\Debug\link.12156-cvtres.read.1.tlog
D:\2016-2017-1\学术新星计划\OpenCRF_partial_labeled_parallel_nou\OpenCRF\Debug\link.12156-cvtres.write.1.tlog
D:\2016-2017-1\学术新星计划\OpenCRF_partial_labeled_parallel_nou\OpenCRF\Debug\link.12156-rc.read.1.tlog
D:\2016-2017-1\学术新星计划\OpenCRF_partial_labeled_parallel_nou\OpenCRF\Debug\link.12156-rc.write.1.tlog
D:\2016-2017-1\学术新星计划\OpenCRF_partial_labeled_parallel_nou\OpenCRF\Debug\link.12156.read.1.tlog
D:\2016-2017-1\学术新星计划\OpenCRF_partial_labeled_parallel_nou\OpenCRF\Debug\link.12156.write.1.tlog
D:\2016-2017-1\学术新星计划\OpenCRF_partial_labeled_parallel_nou\OpenCRF\Debug\link.12908-cvtres.read.1.tlog
D:\2016-2017-1\学术新星计划\OpenCRF_partial_labeled_parallel_nou\OpenCRF\Debug\link.12908-cvtres.write.1.tlog
D:\2016-2017-1\学术新星计划\OpenCRF_partial_labeled_parallel_nou\OpenCRF\Debug\link.12908-rc.read.1.tlog
D:\2016-2017-1\学术新星计划\OpenCRF_partial_labeled_parallel_nou\OpenCRF\Debug\link.12908-rc.write.1.tlog
D:\2016-2017-1\学术新星计划\OpenCRF_partial_labeled_parallel_nou\OpenCRF\Debug\link.12908.read.1.tlog
D:\2016-2017-1\学术新星计划\OpenCRF_partial_labeled_parallel_nou\OpenCRF\Debug\link.12908.write.1.tlog
D:\2016-2017-1\学术新星计划\OpenCRF_partial_labeled_parallel_nou\OpenCRF\Debug\link.14552-cvtres.read.1.tlog
D:\2016-2017-1\学术新星计划\OpenCRF_partial_labeled_parallel_nou\OpenCRF\Debug\link.14552-cvtres.write.1.tlog
D:\2016-2017-1\学术新星计划\OpenCRF_partial_labeled_parallel_nou\OpenCRF\Debug\link.14552-rc.read.1.tlog
D:\2016-2017-1\学术新星计划\OpenCRF_partial_labeled_parallel_nou\OpenCRF\Debug\link.14552-rc.write.1.tlog
D:\2016-2017-1\学术新星计划\OpenCRF_partial_labeled_parallel_nou\OpenCRF\Debug\link.14552.read.1.tlog
D:\2016-2017-1\学术新星计划\OpenCRF_partial_labeled_parallel_nou\OpenCRF\Debug\link.14552.write.1.tlog
D:\2016-2017-1\学术新星计划\OpenCRF_partial_labeled_parallel_nou\OpenCRF\Debug\link.2492-cvtres.read.1.tlog
D:\2016-2017-1\学术新星计划\OpenCRF_partial_labeled_parallel_nou\OpenCRF\Debug\link.2492-cvtres.write.1.tlog
D:\2016-2017-1\学术新星计划\OpenCRF_partial_labeled_parallel_nou\OpenCRF\Debug\link.2492-rc.read.1.tlog
D:\2016-2017-1\学术新星计划\OpenCRF_partial_labeled_parallel_nou\OpenCRF\Debug\link.2492-rc.write.1.tlog
D:\2016-2017-1\学术新星计划\OpenCRF_partial_labeled_parallel_nou\OpenCRF\Debug\link.2492.read.1.tlog
D:\2016-2017-1\学术新星计划\OpenCRF_partial_labeled_parallel_nou\OpenCRF\Debug\link.2492.write.1.tlog
D:\2016-2017-1\学术新星计划\OpenCRF_partial_labeled_parallel_nou\OpenCRF\Debug\link.6196-cvtres.read.1.tlog
D:\2016-2017-1\学术新星计划\OpenCRF_partial_labeled_parallel_nou\OpenCRF\Debug\link.6196-cvtres.write.1.tlog
D:\2016-2017-1\学术新星计划\OpenCRF_partial_labeled_parallel_nou\OpenCRF\Debug\link.6196-rc.read.1.tlog
D:\2016-2017-1\学术新星计划\OpenCRF_partial_labeled_parallel_nou\OpenCRF\Debug\link.6196-rc.write.1.tlog
D:\2016-2017-1\学术新星计划\OpenCRF_partial_labeled_parallel_nou\OpenCRF\Debug\link.6196.read.1.tlog
D:\2016-2017-1\学术新星计划\OpenCRF_partial_labeled_parallel_nou\OpenCRF\Debug\link.6196.write.1.tlog
D:\2016-2017-1\学术新星计划\OpenCRF_partial_labeled_parallel_nou\OpenCRF\Debug\link.6304-cvtres.read.1.tlog
D:\2016-2017-1\学术新星计划\OpenCRF_partial_labeled_parallel_nou\OpenCRF\Debug\link.6304-cvtres.write.1.tlog
D:\2016-2017-1\学术新星计划\OpenCRF_partial_labeled_parallel_nou\OpenCRF\Debug\link.6304-rc.read.1.tlog
D:\2016-2017-1\学术新星计划\OpenCRF_partial_labeled_parallel_nou\OpenCRF\Debug\link.6304-rc.write.1.tlog
D:\2016-2017-1\学术新星计划\OpenCRF_partial_labeled_parallel_nou\OpenCRF\Debug\link.6304.read.1.tlog
D:\2016-2017-1\学术新星计划\OpenCRF_partial_labeled_parallel_nou\OpenCRF\Debug\link.6304.write.1.tlog
D:\2016-2017-1\学术新星计划\OpenCRF_partial_labeled_parallel_nou\OpenCRF\Debug\link.8608-cvtres.read.1.tlog
D:\2016-2017-1\学术新星计划\OpenCRF_partial_labeled_parallel_nou\OpenCRF\Debug\link.8608-cvtres.write.1.tlog
D:\2016-2017-1\学术新星计划\OpenCRF_partial_labeled_parallel_nou\OpenCRF\Debug\link.8608-rc.read.1.tlog
D:\2016-2017-1\学术新星计划\OpenCRF_partial_labeled_parallel_nou\OpenCRF\Debug\link.8608-rc.write.1.tlog
D:\2016-2017-1\学术新星计划\OpenCRF_partial_labeled_parallel_nou\OpenCRF\Debug\link.8608.read.1.tlog
D:\2016-2017-1\学术新星计划\OpenCRF_partial_labeled_parallel_nou\OpenCRF\Debug\link.8608.write.1.tlog
D:\2016-2017-1\学术新星计划\OpenCRF_partial_labeled_parallel_nou\OpenCRF\Debug\link.command.1.tlog
D:\2016-2017-1\学术新星计划\OpenCRF_partial_labeled_parallel_nou\OpenCRF\Debug\link.read.1.tlog
D:\2016-2017-1\学术新星计划\OpenCRF_partial_labeled_parallel_nou\OpenCRF\Debug\link.write.1.tlog
D:\2016-2017-1\学术新星计划\OpenCRF_partial_labeled_parallel_nou\OpenCRF\Debug\vc110.idb
D:\2016-2017-1\学术新星计划\OpenCRF_partial_labeled_parallel_nou\OpenCRF\Debug\vc110.pdb
D:\2016-2017-1\学术新星计划\OpenCRF_partial_labeled_parallel_nou\Debug\OpenCRF.pdb
D:\2016-2017-1\学术新星计划\OpenCRF_partial_labeled_parallel_nou\Debug\OpenCRF.exe
D:\2016-2017-1\学术新星计划\OpenCRF_partial_labeled_parallel_nou\Debug\OpenCRF.ilk
